2024-03-13 14:30:50,739 - __main__ - INFO - sheetName: ２０２４年２月（6人体制）
2024-03-13 14:30:51,522 - __main__ - INFO - filename: crew_shift\2024-02「あさか丸」乗組員勤務表(2).xlsx
2024-03-13 14:30:51,522 - __main__ - INFO - cell: E3
2024-03-13 14:30:51,522 - __main__ - INFO - value: 篠崎
2024-03-13 14:33:16,608 - __main__ - INFO - monthSelect: 2024-02
2024-03-13 14:33:31,703 - __main__ - INFO - sheetName: ２０２４年２月（6人体制）
2024-03-13 14:33:32,479 - __main__ - INFO - filename: crew_shift\2024-02「あさか丸」乗組員勤務表(1).xlsx
2024-03-13 14:33:32,479 - __main__ - INFO - cell: E3
2024-03-13 14:33:32,479 - __main__ - INFO - value: 篠崎
2024-03-13 14:33:32,479 - __main__ - INFO - cell: H3
2024-03-13 14:33:32,479 - __main__ - INFO - value: 出口
2024-03-13 14:33:32,479 - __main__ - INFO - cell: K3
2024-03-13 14:33:32,479 - __main__ - INFO - value: 増木
2024-03-13 14:33:32,479 - __main__ - INFO - cell: N3
2024-03-13 14:33:32,479 - __main__ - INFO - value: 森本
2024-03-13 14:33:32,479 - __main__ - INFO - cell: Q3
2024-03-13 14:33:32,479 - __main__ - INFO - value: 若宮
2024-03-13 14:33:32,480 - __main__ - INFO - cell: T3
2024-03-13 14:33:32,480 - __main__ - INFO - value: 竹内
2024-03-13 14:33:32,480 - __main__ - INFO - cell: W3
2024-03-13 14:33:32,480 - __main__ - INFO - value: None
2024-03-13 14:35:51,551 - __main__ - INFO - monthSelect: 2024-02
2024-03-13 14:36:08,625 - __main__ - INFO - sheetName: ２０２４年２月（6人体制）
2024-03-13 14:36:09,429 - __main__ - INFO - filename: crew_shift\2024-02「あさか丸」乗組員勤務表(2).xlsx
2024-03-13 15:15:15,790 - __main__ - INFO - monthSelect: 2024-01
2024-03-13 15:15:33,867 - __main__ - INFO - n_sheet: <Worksheet "篠崎良三">
2024-03-13 15:30:52,048 - __main__ - INFO - sheet_name: 西田
2024-03-13 15:30:52,051 - __main__ - INFO - sheet_name: 松尾
2024-03-13 15:30:52,051 - __main__ - INFO - sheet_name: 篠崎
2024-03-13 15:30:52,051 - __main__ - INFO - n_sheet: <Worksheet "篠崎良三">
2024-03-13 15:30:52,051 - __main__ - INFO - sheet_name: 出口
2024-03-13 15:30:52,052 - __main__ - INFO - n_sheet: <Worksheet "出口裕文">
2024-03-13 15:30:52,053 - __main__ - INFO - sheet_name: 森本
2024-03-13 15:30:52,053 - __main__ - INFO - n_sheet: <Worksheet "森本一弘">
2024-03-13 15:30:52,053 - __main__ - INFO - sheet_name: 若宮
2024-03-13 15:30:52,053 - __main__ - INFO - n_sheet: <Worksheet "若宮保典">
2024-03-13 15:30:52,054 - __main__ - INFO - sheet_name: 竹内
2024-03-13 15:30:52,054 - __main__ - INFO - n_sheet: <Worksheet "竹内　朗">
2024-03-13 15:30:52,055 - __main__ - INFO - sheet_name: 竹内
2024-03-13 15:30:52,055 - __main__ - INFO - n_sheet: <Worksheet "竹内　朗">
2024-03-13 15:36:26,323 - __main__ - INFO - monthSelect: 2024-02
2024-03-13 15:36:49,728 - __main__ - INFO - sheet_name: 篠崎
2024-03-13 15:36:49,729 - __main__ - INFO - n_sheet: <Worksheet "篠崎良三">
2024-03-13 15:36:49,730 - __main__ - INFO - sheet_name: 出口
2024-03-13 15:36:49,730 - __main__ - INFO - n_sheet: <Worksheet "出口裕文">
2024-03-13 15:36:49,732 - __main__ - INFO - sheet_name: 増木
2024-03-13 15:36:49,732 - __main__ - INFO - n_sheet: <Worksheet "増木照明">
2024-03-13 15:36:49,733 - __main__ - INFO - sheet_name: 森本
2024-03-13 15:36:49,733 - __main__ - INFO - n_sheet: <Worksheet "森本一弘">
2024-03-13 15:36:49,734 - __main__ - INFO - sheet_name: 若宮
2024-03-13 15:36:49,735 - __main__ - INFO - n_sheet: <Worksheet "若宮保典">
2024-03-13 15:36:49,736 - __main__ - INFO - sheet_name: 竹内
2024-03-13 15:36:49,736 - __main__ - INFO - n_sheet: <Worksheet "竹内　朗">
2024-03-13 15:37:30,989 - __main__ - INFO - monthSelect: 2024-02
2024-03-13 15:37:52,335 - __main__ - INFO - sheet_name: 篠崎
2024-03-13 15:37:52,335 - __main__ - INFO - n_sheet: <Worksheet "篠崎良三">
2024-03-13 15:37:52,337 - __main__ - INFO - sheet_name: 出口
2024-03-13 15:37:52,337 - __main__ - INFO - n_sheet: <Worksheet "出口裕文">
2024-03-13 15:37:52,338 - __main__ - INFO - sheet_name: 増木
2024-03-13 15:37:52,338 - __main__ - INFO - n_sheet: <Worksheet "増木照明">
2024-03-13 15:37:52,339 - __main__ - INFO - sheet_name: 森本
2024-03-13 15:37:52,339 - __main__ - INFO - n_sheet: <Worksheet "森本一弘">
2024-03-13 15:37:52,340 - __main__ - INFO - sheet_name: 若宮
2024-03-13 15:37:52,340 - __main__ - INFO - n_sheet: <Worksheet "若宮保典">
2024-03-13 15:37:52,342 - __main__ - INFO - sheet_name: 竹内
2024-03-13 15:37:52,342 - __main__ - INFO - n_sheet: <Worksheet "竹内　朗">
2024-03-13 15:44:38,372 - __main__ - INFO - monthSelect: 2024-02
2024-03-13 15:44:55,736 - __main__ - INFO - sheet_name: 篠崎
2024-03-13 15:44:55,737 - __main__ - INFO - n_sheet: <Worksheet "篠崎良三">
2024-03-13 15:44:55,737 - __main__ - INFO - sheet_name: 出口
2024-03-13 15:44:55,738 - __main__ - INFO - n_sheet: <Worksheet "出口裕文">
2024-03-13 15:44:55,738 - __main__ - INFO - sheet_name: 増木
2024-03-13 15:44:55,738 - __main__ - INFO - n_sheet: <Worksheet "増木照明">
2024-03-13 15:44:55,738 - __main__ - INFO - sheet_name: 森本
2024-03-13 15:44:55,738 - __main__ - INFO - n_sheet: <Worksheet "森本一弘">
2024-03-13 15:44:55,738 - __main__ - INFO - sheet_name: 若宮
2024-03-13 15:44:55,738 - __main__ - INFO - n_sheet: <Worksheet "若宮保典">
2024-03-13 15:44:55,738 - __main__ - INFO - sheet_name: 竹内
2024-03-13 15:44:55,738 - __main__ - INFO - n_sheet: <Worksheet "竹内　朗">
2024-03-13 16:10:46,075 - __main__ - INFO - monthSelect: 2024-02
2024-03-13 16:11:03,701 - __main__ - INFO - sheet_name: 篠崎
2024-03-13 16:11:03,702 - __main__ - INFO - n_sheet: <Worksheet "篠崎良三">
2024-03-13 16:11:03,704 - __main__ - INFO - sheet_name: 出口
2024-03-13 16:11:03,704 - __main__ - INFO - n_sheet: <Worksheet "出口裕文">
2024-03-13 16:11:03,705 - __main__ - INFO - sheet_name: 増木
2024-03-13 16:11:03,705 - __main__ - INFO - n_sheet: <Worksheet "増木照明">
2024-03-13 16:11:03,706 - __main__ - INFO - sheet_name: 森本
2024-03-13 16:11:03,706 - __main__ - INFO - n_sheet: <Worksheet "森本一弘">
2024-03-13 16:11:03,707 - __main__ - INFO - sheet_name: 若宮
2024-03-13 16:11:03,708 - __main__ - INFO - n_sheet: <Worksheet "若宮保典">
2024-03-13 16:11:03,709 - __main__ - INFO - sheet_name: 竹内
2024-03-13 16:11:03,710 - __main__ - INFO - n_sheet: <Worksheet "竹内　朗">
2024-03-13 16:21:48,267 - __main__ - INFO - monthSelect: 2024-02
2024-03-13 16:22:02,329 - __main__ - INFO - sheet_name: 篠崎
2024-03-13 16:22:02,329 - __main__ - INFO - n_sheet: <Worksheet "篠崎良三">
2024-03-13 16:22:02,330 - __main__ - INFO - sheet_name: 出口
2024-03-13 16:22:02,330 - __main__ - INFO - n_sheet: <Worksheet "出口裕文">
2024-03-13 16:22:02,332 - __main__ - INFO - sheet_name: 増木
2024-03-13 16:22:02,332 - __main__ - INFO - n_sheet: <Worksheet "増木照明">
2024-03-13 16:22:02,333 - __main__ - INFO - sheet_name: 森本
2024-03-13 16:22:02,334 - __main__ - INFO - n_sheet: <Worksheet "森本一弘">
2024-03-13 16:22:02,334 - __main__ - INFO - sheet_name: 若宮
2024-03-13 16:22:02,334 - __main__ - INFO - n_sheet: <Worksheet "若宮保典">
2024-03-13 16:22:02,335 - __main__ - INFO - sheet_name: 竹内
2024-03-13 16:22:02,336 - __main__ - INFO - n_sheet: <Worksheet "竹内　朗">
2024-03-14 09:11:18,406 - __main__ - INFO - monthSelect: 2024-02
2024-03-14 09:11:40,023 - __main__ - INFO - sheet_name: 篠崎
2024-03-14 09:11:40,024 - __main__ - INFO - n_sheet: <Worksheet "篠崎良三">
2024-03-14 09:11:40,025 - __main__ - INFO - sheet_name: 出口
2024-03-14 09:11:40,025 - __main__ - INFO - n_sheet: <Worksheet "出口裕文">
2024-03-14 09:11:40,026 - __main__ - INFO - sheet_name: 増木
2024-03-14 09:11:40,026 - __main__ - INFO - n_sheet: <Worksheet "増木照明">
2024-03-14 09:11:40,026 - __main__ - INFO - sheet_name: 森本
2024-03-14 09:11:40,027 - __main__ - INFO - n_sheet: <Worksheet "森本一弘">
2024-03-14 09:11:40,027 - __main__ - INFO - sheet_name: 若宮
2024-03-14 09:11:40,028 - __main__ - INFO - n_sheet: <Worksheet "若宮保典">
2024-03-14 09:11:40,028 - __main__ - INFO - sheet_name: 竹内
2024-03-14 09:11:40,028 - __main__ - INFO - n_sheet: <Worksheet "竹内　朗">
2024-03-14 09:21:34,150 - __main__ - INFO - monthSelect: 2024-02
2024-03-14 09:21:50,719 - __main__ - INFO - sheet_name: 篠崎
2024-03-14 09:21:50,720 - __main__ - INFO - n_sheet: <Worksheet "篠崎良三">
2024-03-14 09:21:50,721 - __main__ - INFO - sheet_name: 出口
2024-03-14 09:21:50,721 - __main__ - INFO - n_sheet: <Worksheet "出口裕文">
2024-03-14 09:21:50,722 - __main__ - INFO - sheet_name: 増木
2024-03-14 09:21:50,722 - __main__ - INFO - n_sheet: <Worksheet "増木照明">
2024-03-14 09:21:50,723 - __main__ - INFO - sheet_name: 森本
2024-03-14 09:21:50,723 - __main__ - INFO - n_sheet: <Worksheet "森本一弘">
2024-03-14 09:21:50,724 - __main__ - INFO - sheet_name: 若宮
2024-03-14 09:21:50,724 - __main__ - INFO - n_sheet: <Worksheet "若宮保典">
2024-03-14 09:21:50,725 - __main__ - INFO - sheet_name: 竹内
2024-03-14 09:21:50,725 - __main__ - INFO - n_sheet: <Worksheet "竹内　朗">
2024-03-14 09:38:50,505 - __main__ - INFO - monthSelect: 2024-02
2024-03-14 09:39:18,203 - __main__ - INFO - sheet_name: 篠崎
2024-03-14 09:39:18,203 - __main__ - INFO - n_sheet: <Worksheet "篠崎良三">
2024-03-14 09:39:18,204 - __main__ - INFO - sheet_name: 出口
2024-03-14 09:39:18,205 - __main__ - INFO - n_sheet: <Worksheet "出口裕文">
2024-03-14 09:39:18,205 - __main__ - INFO - sheet_name: 増木
2024-03-14 09:39:18,206 - __main__ - INFO - n_sheet: <Worksheet "増木照明">
2024-03-14 09:39:18,207 - __main__ - INFO - sheet_name: 森本
2024-03-14 09:39:18,207 - __main__ - INFO - n_sheet: <Worksheet "森本一弘">
2024-03-14 09:39:18,208 - __main__ - INFO - sheet_name: 若宮
2024-03-14 09:39:18,208 - __main__ - INFO - n_sheet: <Worksheet "若宮保典">
2024-03-14 09:39:18,209 - __main__ - INFO - sheet_name: 竹内
2024-03-14 09:39:18,209 - __main__ - INFO - n_sheet: <Worksheet "竹内　朗">
2024-03-14 09:41:47,112 - __main__ - INFO - monthSelect: 2024-02
2024-03-14 09:42:03,914 - __main__ - INFO - sheet_name: 篠崎
2024-03-14 09:42:03,914 - __main__ - INFO - n_sheet: <Worksheet "篠崎良三">
2024-03-14 09:42:03,915 - __main__ - INFO - sheet_name: 出口
2024-03-14 09:42:03,915 - __main__ - INFO - n_sheet: <Worksheet "出口裕文">
2024-03-14 09:42:03,916 - __main__ - INFO - sheet_name: 増木
2024-03-14 09:42:03,916 - __main__ - INFO - n_sheet: <Worksheet "増木照明">
2024-03-14 09:42:03,917 - __main__ - INFO - sheet_name: 森本
2024-03-14 09:42:03,917 - __main__ - INFO - n_sheet: <Worksheet "森本一弘">
2024-03-14 09:42:03,918 - __main__ - INFO - sheet_name: 若宮
2024-03-14 09:42:03,918 - __main__ - INFO - n_sheet: <Worksheet "若宮保典">
2024-03-14 09:42:03,920 - __main__ - INFO - sheet_name: 竹内
2024-03-14 09:42:03,921 - __main__ - INFO - n_sheet: <Worksheet "竹内　朗">
2024-03-14 10:17:00,811 - __main__ - INFO - monthSelect: 2024-02
2024-03-14 10:17:18,354 - __main__ - INFO - sheet_name: 篠崎
2024-03-14 10:17:18,354 - __main__ - INFO - n_sheet: <Worksheet "篠崎良三">
2024-03-14 10:17:18,363 - __main__ - INFO - sheet_name: 出口
2024-03-14 10:17:18,363 - __main__ - INFO - n_sheet: <Worksheet "出口裕文">
2024-03-14 10:17:18,363 - __main__ - INFO - sheet_name: 増木
2024-03-14 10:17:18,363 - __main__ - INFO - n_sheet: <Worksheet "増木照明">
2024-03-14 10:17:18,363 - __main__ - INFO - sheet_name: 森本
2024-03-14 10:17:18,363 - __main__ - INFO - n_sheet: <Worksheet "森本一弘">
2024-03-14 10:17:18,366 - __main__ - INFO - sheet_name: 若宮
2024-03-14 10:17:18,366 - __main__ - INFO - n_sheet: <Worksheet "若宮保典">
2024-03-14 10:17:18,367 - __main__ - INFO - sheet_name: 竹内
2024-03-14 10:17:18,367 - __main__ - INFO - n_sheet: <Worksheet "竹内　朗">
2024-03-14 10:32:22,540 - __main__ - INFO - monthSelect: 2024-02
2024-03-14 10:32:37,709 - __main__ - INFO - sheet_name: 篠崎
2024-03-14 10:32:37,710 - __main__ - INFO - n_sheet: <Worksheet "篠崎良三">
2024-03-14 10:32:37,710 - __main__ - INFO - sheet_name: 出口
2024-03-14 10:32:37,711 - __main__ - INFO - n_sheet: <Worksheet "出口裕文">
2024-03-14 10:32:37,711 - __main__ - INFO - sheet_name: 増木
2024-03-14 10:32:37,711 - __main__ - INFO - n_sheet: <Worksheet "増木照明">
2024-03-14 10:32:37,712 - __main__ - INFO - sheet_name: 森本
2024-03-14 10:32:37,712 - __main__ - INFO - n_sheet: <Worksheet "森本一弘">
2024-03-14 10:32:37,713 - __main__ - INFO - sheet_name: 若宮
2024-03-14 10:32:37,713 - __main__ - INFO - n_sheet: <Worksheet "若宮保典">
2024-03-14 10:32:37,714 - __main__ - INFO - sheet_name: 竹内
2024-03-14 10:32:37,714 - __main__ - INFO - n_sheet: <Worksheet "竹内　朗">
2024-03-14 10:35:22,924 - __main__ - INFO - monthSelect: 2024-01
2024-03-14 10:35:45,683 - __main__ - INFO - sheet_name: 西田
2024-03-14 10:35:45,683 - __main__ - INFO - sheet_name: 松尾
2024-03-14 10:35:45,683 - __main__ - INFO - sheet_name: 篠崎
2024-03-14 10:35:45,684 - __main__ - INFO - n_sheet: <Worksheet "篠崎良三">
2024-03-14 10:35:45,684 - __main__ - INFO - sheet_name: 出口
2024-03-14 10:35:45,684 - __main__ - INFO - n_sheet: <Worksheet "出口裕文">
2024-03-14 10:35:45,684 - __main__ - INFO - sheet_name: 森本
2024-03-14 10:35:45,684 - __main__ - INFO - n_sheet: <Worksheet "森本一弘">
2024-03-14 10:35:45,685 - __main__ - INFO - sheet_name: 若宮
2024-03-14 10:35:45,685 - __main__ - INFO - n_sheet: <Worksheet "若宮保典">
2024-03-14 10:35:45,686 - __main__ - INFO - sheet_name: 竹内
2024-03-14 10:35:45,686 - __main__ - INFO - n_sheet: <Worksheet "竹内　朗">
2024-03-14 10:35:45,686 - __main__ - INFO - sheet_name: 竹内
2024-03-14 10:35:45,686 - __main__ - INFO - n_sheet: <Worksheet "竹内　朗">
2024-03-14 10:44:06,084 - __main__ - INFO - monthSelect: 2024-01
2024-03-14 10:51:27,237 - __main__ - INFO - monthSelect: 2024-01
2024-03-14 11:07:29,874 - __main__ - INFO - sheet_name: 西田
2024-03-14 11:07:29,874 - __main__ - INFO - n_sheet: <Worksheet "西田雅範">
2024-03-14 11:07:29,874 - __main__ - INFO - sheet_name: 松尾
2024-03-14 11:07:29,874 - __main__ - INFO - n_sheet: <Worksheet "松尾功夫">
2024-03-14 11:07:29,874 - __main__ - INFO - sheet_name: 篠崎
2024-03-14 11:07:29,874 - __main__ - INFO - n_sheet: <Worksheet "篠崎良三">
2024-03-14 11:07:29,874 - __main__ - INFO - sheet_name: 出口
2024-03-14 11:07:29,874 - __main__ - INFO - n_sheet: <Worksheet "出口裕文">
2024-03-14 11:07:29,874 - __main__ - INFO - sheet_name: 森本
2024-03-14 11:07:29,874 - __main__ - INFO - n_sheet: <Worksheet "森本一弘">
2024-03-14 11:07:29,889 - __main__ - INFO - sheet_name: 若宮
2024-03-14 11:07:29,889 - __main__ - INFO - n_sheet: <Worksheet "若宮保典">
2024-03-14 11:07:29,889 - __main__ - INFO - sheet_name: 竹内
2024-03-14 11:07:29,890 - __main__ - INFO - n_sheet: <Worksheet "竹内　朗">
2024-03-14 11:07:29,891 - __main__ - INFO - sheet_name: 竹内
2024-03-14 11:07:29,892 - __main__ - INFO - n_sheet: <Worksheet "竹内　朗">
2024-03-14 11:13:44,417 - __main__ - INFO - monthSelect: 2024-01
2024-03-14 11:21:34,264 - __main__ - INFO - monthSelect: 2024-01
2024-03-14 11:22:33,419 - __main__ - INFO - sheet_name: 西田
2024-03-14 11:22:33,420 - __main__ - INFO - n_sheet: <Worksheet "西田雅範">
2024-03-14 11:22:33,422 - __main__ - INFO - sheet_name: 松尾
2024-03-14 11:22:33,423 - __main__ - INFO - n_sheet: <Worksheet "松尾功夫">
2024-03-14 11:22:33,424 - __main__ - INFO - sheet_name: 篠崎
2024-03-14 11:22:33,425 - __main__ - INFO - n_sheet: <Worksheet "篠崎良三">
2024-03-14 11:22:33,427 - __main__ - INFO - sheet_name: 出口
2024-03-14 11:22:33,427 - __main__ - INFO - n_sheet: <Worksheet "出口裕文">
2024-03-14 11:22:33,429 - __main__ - INFO - sheet_name: 増木
2024-03-14 11:22:33,429 - __main__ - INFO - n_sheet: <Worksheet "増木照明">
2024-03-14 11:22:33,430 - __main__ - INFO - sheet_name: 森本
2024-03-14 11:22:33,431 - __main__ - INFO - n_sheet: <Worksheet "森本一弘">
2024-03-14 11:22:33,432 - __main__ - INFO - sheet_name: 若宮
2024-03-14 11:22:33,433 - __main__ - INFO - n_sheet: <Worksheet "若宮保典">
2024-03-14 11:22:33,434 - __main__ - INFO - sheet_name: 竹内
2024-03-14 11:22:33,434 - __main__ - INFO - n_sheet: <Worksheet "竹内　朗">
2024-03-14 11:27:44,820 - __main__ - INFO - monthSelect: 2024-02
2024-03-14 11:28:05,733 - __main__ - INFO - sheet_name: 篠崎
2024-03-14 11:28:05,734 - __main__ - INFO - n_sheet: <Worksheet "篠崎良三">
2024-03-14 11:28:05,736 - __main__ - INFO - sheet_name: 出口
2024-03-14 11:28:05,736 - __main__ - INFO - n_sheet: <Worksheet "出口裕文">
2024-03-14 11:28:05,737 - __main__ - INFO - sheet_name: 増木
2024-03-14 11:28:05,738 - __main__ - INFO - n_sheet: <Worksheet "増木照明">
2024-03-14 11:28:05,739 - __main__ - INFO - sheet_name: 森本
2024-03-14 11:28:05,739 - __main__ - INFO - n_sheet: <Worksheet "森本一弘">
2024-03-14 11:28:05,740 - __main__ - INFO - sheet_name: 若宮
2024-03-14 11:28:05,740 - __main__ - INFO - n_sheet: <Worksheet "若宮保典">
2024-03-14 11:28:05,742 - __main__ - INFO - sheet_name: 竹内
2024-03-14 11:28:05,742 - __main__ - INFO - n_sheet: <Worksheet "竹内　朗">
2024-03-14 11:47:51,189 - __main__ - INFO - monthSelect: 2024-02
2024-03-14 11:48:21,534 - __main__ - INFO - sheet_name: 篠崎
2024-03-14 11:48:21,535 - __main__ - INFO - n_sheet: <Worksheet "篠崎良三">
2024-03-14 11:48:21,537 - __main__ - INFO - sheet_name: 出口
2024-03-14 11:48:21,538 - __main__ - INFO - n_sheet: <Worksheet "出口裕文">
2024-03-14 11:48:21,539 - __main__ - INFO - sheet_name: 増木
2024-03-14 11:48:21,540 - __main__ - INFO - n_sheet: <Worksheet "増木照明">
2024-03-14 11:48:21,542 - __main__ - INFO - sheet_name: 森本
2024-03-14 11:48:21,543 - __main__ - INFO - n_sheet: <Worksheet "森本一弘">
2024-03-14 11:48:21,544 - __main__ - INFO - sheet_name: 若宮
2024-03-14 11:48:21,544 - __main__ - INFO - n_sheet: <Worksheet "若宮保典">
2024-03-14 11:48:21,545 - __main__ - INFO - sheet_name: 竹内
2024-03-14 11:48:21,546 - __main__ - INFO - n_sheet: <Worksheet "竹内　朗">
2024-03-14 14:03:05,419 - __main__ - INFO - monthSelect: 2024-02
2024-03-14 14:03:23,955 - __main__ - INFO - sheet_name: 篠崎
2024-03-14 14:03:23,959 - __main__ - INFO - n_sheet: <Worksheet "篠崎良三">
2024-03-14 14:03:23,959 - __main__ - INFO - sheet_name: 出口
2024-03-14 14:03:23,962 - __main__ - INFO - n_sheet: <Worksheet "出口裕文">
2024-03-14 14:03:23,964 - __main__ - INFO - sheet_name: 増木
2024-03-14 14:03:23,964 - __main__ - INFO - n_sheet: <Worksheet "増木照明">
2024-03-14 14:03:23,964 - __main__ - INFO - sheet_name: 森本
2024-03-14 14:03:23,964 - __main__ - INFO - n_sheet: <Worksheet "森本一弘">
2024-03-14 14:03:23,967 - __main__ - INFO - sheet_name: 若宮
2024-03-14 14:03:23,967 - __main__ - INFO - n_sheet: <Worksheet "若宮保典">
2024-03-14 14:03:23,967 - __main__ - INFO - sheet_name: 竹内
2024-03-14 14:03:23,967 - __main__ - INFO - n_sheet: <Worksheet "竹内　朗">
2024-03-14 14:05:00,297 - __main__ - INFO - sheet_name: 篠崎
2024-03-14 14:05:00,300 - __main__ - INFO - n_sheet: <Worksheet "篠崎良三">
2024-03-14 14:05:00,301 - __main__ - INFO - sheet_name: 出口
2024-03-14 14:05:00,301 - __main__ - INFO - n_sheet: <Worksheet "出口裕文">
2024-03-14 14:05:00,301 - __main__ - INFO - sheet_name: 増木
2024-03-14 14:05:00,301 - __main__ - INFO - n_sheet: <Worksheet "増木照明">
2024-03-14 14:05:00,305 - __main__ - INFO - sheet_name: 森本
2024-03-14 14:05:00,305 - __main__ - INFO - n_sheet: <Worksheet "森本一弘">
2024-03-14 14:05:00,305 - __main__ - INFO - sheet_name: 若宮
2024-03-14 14:05:00,305 - __main__ - INFO - n_sheet: <Worksheet "若宮保典">
2024-03-14 14:05:00,305 - __main__ - INFO - sheet_name: 竹内
2024-03-14 14:05:00,309 - __main__ - INFO - n_sheet: <Worksheet "竹内　朗">
2024-03-14 14:05:47,867 - __main__ - INFO - sheet_name: 篠崎
2024-03-14 14:05:47,867 - __main__ - INFO - n_sheet: <Worksheet "篠崎良三">
2024-03-14 14:05:47,873 - __main__ - INFO - sheet_name: 出口
2024-03-14 14:05:47,873 - __main__ - INFO - n_sheet: <Worksheet "出口裕文">
2024-03-14 14:05:47,873 - __main__ - INFO - sheet_name: 増木
2024-03-14 14:05:47,875 - __main__ - INFO - n_sheet: <Worksheet "増木照明">
2024-03-14 14:05:47,876 - __main__ - INFO - sheet_name: 森本
2024-03-14 14:05:47,876 - __main__ - INFO - n_sheet: <Worksheet "森本一弘">
2024-03-14 14:05:47,878 - __main__ - INFO - sheet_name: 若宮
2024-03-14 14:05:47,878 - __main__ - INFO - n_sheet: <Worksheet "若宮保典">
2024-03-14 14:05:47,880 - __main__ - INFO - sheet_name: 竹内
2024-03-14 14:05:47,880 - __main__ - INFO - n_sheet: <Worksheet "竹内　朗">
2024-03-14 14:07:20,610 - __main__ - INFO - sheet_name: 篠崎
2024-03-14 14:07:20,610 - __main__ - INFO - n_sheet: <Worksheet "篠崎良三">
2024-03-14 14:07:20,610 - __main__ - INFO - sheet_name: 出口
2024-03-14 14:07:20,610 - __main__ - INFO - n_sheet: <Worksheet "出口裕文">
2024-03-14 14:07:20,610 - __main__ - INFO - sheet_name: 増木
2024-03-14 14:07:20,610 - __main__ - INFO - n_sheet: <Worksheet "増木照明">
2024-03-14 14:07:20,610 - __main__ - INFO - sheet_name: 森本
2024-03-14 14:07:20,610 - __main__ - INFO - n_sheet: <Worksheet "森本一弘">
2024-03-14 14:07:20,610 - __main__ - INFO - sheet_name: 若宮
2024-03-14 14:07:20,610 - __main__ - INFO - n_sheet: <Worksheet "若宮保典">
2024-03-14 14:07:20,618 - __main__ - INFO - sheet_name: 竹内
2024-03-14 14:07:20,618 - __main__ - INFO - n_sheet: <Worksheet "竹内　朗">
2024-03-14 14:09:13,500 - __main__ - INFO - sheet_name: 篠崎
2024-03-14 14:09:13,500 - __main__ - INFO - n_sheet: <Worksheet "篠崎良三">
2024-03-14 14:09:13,506 - __main__ - INFO - sheet_name: 出口
2024-03-14 14:09:13,506 - __main__ - INFO - n_sheet: <Worksheet "出口裕文">
2024-03-14 14:09:13,506 - __main__ - INFO - sheet_name: 増木
2024-03-14 14:09:13,506 - __main__ - INFO - n_sheet: <Worksheet "増木照明">
2024-03-14 14:09:13,506 - __main__ - INFO - sheet_name: 森本
2024-03-14 14:09:13,506 - __main__ - INFO - n_sheet: <Worksheet "森本一弘">
2024-03-14 14:09:13,509 - __main__ - INFO - sheet_name: 若宮
2024-03-14 14:09:13,509 - __main__ - INFO - n_sheet: <Worksheet "若宮保典">
2024-03-14 14:09:13,509 - __main__ - INFO - sheet_name: 竹内
2024-03-14 14:09:13,509 - __main__ - INFO - n_sheet: <Worksheet "竹内　朗">
2024-03-14 14:10:36,997 - __main__ - INFO - sheet_name: 篠崎
2024-03-14 14:10:36,997 - __main__ - INFO - n_sheet: <Worksheet "篠崎良三">
2024-03-14 14:10:36,997 - __main__ - INFO - sheet_name: 出口
2024-03-14 14:10:36,997 - __main__ - INFO - n_sheet: <Worksheet "出口裕文">
2024-03-14 14:10:36,997 - __main__ - INFO - sheet_name: 増木
2024-03-14 14:10:36,997 - __main__ - INFO - n_sheet: <Worksheet "増木照明">
2024-03-14 14:10:36,997 - __main__ - INFO - sheet_name: 森本
2024-03-14 14:10:36,997 - __main__ - INFO - n_sheet: <Worksheet "森本一弘">
2024-03-14 14:10:36,997 - __main__ - INFO - sheet_name: 若宮
2024-03-14 14:10:36,997 - __main__ - INFO - n_sheet: <Worksheet "若宮保典">
2024-03-14 14:10:37,003 - __main__ - INFO - sheet_name: 竹内
2024-03-14 14:10:37,003 - __main__ - INFO - n_sheet: <Worksheet "竹内　朗">
2024-03-14 14:10:59,248 - __main__ - INFO - sheet_name: 篠崎
2024-03-14 14:10:59,249 - __main__ - INFO - n_sheet: <Worksheet "篠崎良三">
2024-03-14 14:10:59,251 - __main__ - INFO - sheet_name: 出口
2024-03-14 14:10:59,251 - __main__ - INFO - n_sheet: <Worksheet "出口裕文">
2024-03-14 14:10:59,253 - __main__ - INFO - sheet_name: 増木
2024-03-14 14:10:59,254 - __main__ - INFO - n_sheet: <Worksheet "増木照明">
2024-03-14 14:10:59,256 - __main__ - INFO - sheet_name: 森本
2024-03-14 14:10:59,257 - __main__ - INFO - n_sheet: <Worksheet "森本一弘">
2024-03-14 14:10:59,259 - __main__ - INFO - sheet_name: 若宮
2024-03-14 14:10:59,259 - __main__ - INFO - n_sheet: <Worksheet "若宮保典">
2024-03-14 14:10:59,261 - __main__ - INFO - sheet_name: 竹内
2024-03-14 14:10:59,261 - __main__ - INFO - n_sheet: <Worksheet "竹内　朗">
2024-03-14 14:12:20,718 - __main__ - INFO - monthSelect: 2024-02
2024-03-14 14:12:38,510 - __main__ - INFO - sheet_name: 篠崎
2024-03-14 14:12:38,511 - __main__ - INFO - n_sheet: <Worksheet "篠崎良三">
2024-03-14 14:12:38,512 - __main__ - INFO - sheet_name: 出口
2024-03-14 14:12:38,512 - __main__ - INFO - n_sheet: <Worksheet "出口裕文">
2024-03-14 14:12:38,513 - __main__ - INFO - sheet_name: 増木
2024-03-14 14:12:38,513 - __main__ - INFO - n_sheet: <Worksheet "増木照明">
2024-03-14 14:12:38,514 - __main__ - INFO - sheet_name: 森本
2024-03-14 14:12:38,514 - __main__ - INFO - n_sheet: <Worksheet "森本一弘">
2024-03-14 14:12:38,516 - __main__ - INFO - sheet_name: 若宮
2024-03-14 14:12:38,516 - __main__ - INFO - n_sheet: <Worksheet "若宮保典">
2024-03-14 14:12:38,517 - __main__ - INFO - sheet_name: 竹内
2024-03-14 14:12:38,517 - __main__ - INFO - n_sheet: <Worksheet "竹内　朗">
2024-03-14 14:23:27,938 - __main__ - INFO - sheet_name: 篠崎
2024-03-14 14:23:27,939 - __main__ - INFO - n_sheet: <Worksheet "篠崎良三">
2024-03-14 14:23:27,940 - __main__ - INFO - sheet_name: 出口
2024-03-14 14:23:27,941 - __main__ - INFO - n_sheet: <Worksheet "出口裕文">
2024-03-14 14:23:27,941 - __main__ - INFO - sheet_name: 増木
2024-03-14 14:23:27,941 - __main__ - INFO - n_sheet: <Worksheet "増木照明">
2024-03-14 14:23:27,943 - __main__ - INFO - sheet_name: 森本
2024-03-14 14:23:27,943 - __main__ - INFO - n_sheet: <Worksheet "森本一弘">
2024-03-14 14:23:27,944 - __main__ - INFO - sheet_name: 若宮
2024-03-14 14:23:27,944 - __main__ - INFO - n_sheet: <Worksheet "若宮保典">
2024-03-14 14:23:27,945 - __main__ - INFO - sheet_name: 竹内
2024-03-14 14:23:27,945 - __main__ - INFO - n_sheet: <Worksheet "竹内　朗">
2024-03-14 14:24:06,656 - __main__ - INFO - sheet_name: 篠崎
2024-03-14 14:24:06,657 - __main__ - INFO - n_sheet: <Worksheet "篠崎良三">
2024-03-14 14:24:06,658 - __main__ - INFO - sheet_name: 出口
2024-03-14 14:24:06,658 - __main__ - INFO - n_sheet: <Worksheet "出口裕文">
2024-03-14 14:24:06,659 - __main__ - INFO - sheet_name: 増木
2024-03-14 14:24:06,659 - __main__ - INFO - n_sheet: <Worksheet "増木照明">
2024-03-14 14:24:06,660 - __main__ - INFO - sheet_name: 森本
2024-03-14 14:24:06,660 - __main__ - INFO - n_sheet: <Worksheet "森本一弘">
2024-03-14 14:24:06,660 - __main__ - INFO - sheet_name: 若宮
2024-03-14 14:24:06,661 - __main__ - INFO - n_sheet: <Worksheet "若宮保典">
2024-03-14 14:24:06,662 - __main__ - INFO - sheet_name: 竹内
2024-03-14 14:24:06,662 - __main__ - INFO - n_sheet: <Worksheet "竹内　朗">
2024-03-14 14:24:32,471 - __main__ - INFO - monthSelect: 2024-02
2024-03-14 14:24:57,792 - __main__ - INFO - sheet_name: 篠崎
2024-03-14 14:24:57,792 - __main__ - INFO - n_sheet: <Worksheet "篠崎良三">
2024-03-14 14:24:57,793 - __main__ - INFO - sheet_name: 出口
2024-03-14 14:24:57,794 - __main__ - INFO - n_sheet: <Worksheet "出口裕文">
2024-03-14 14:24:57,794 - __main__ - INFO - sheet_name: 増木
2024-03-14 14:24:57,795 - __main__ - INFO - n_sheet: <Worksheet "増木照明">
2024-03-14 14:24:57,796 - __main__ - INFO - sheet_name: 森本
2024-03-14 14:24:57,796 - __main__ - INFO - n_sheet: <Worksheet "森本一弘">
2024-03-14 14:24:57,796 - __main__ - INFO - sheet_name: 若宮
2024-03-14 14:24:57,797 - __main__ - INFO - n_sheet: <Worksheet "若宮保典">
2024-03-14 14:24:57,798 - __main__ - INFO - sheet_name: 竹内
2024-03-14 14:24:57,798 - __main__ - INFO - n_sheet: <Worksheet "竹内　朗">
2024-03-14 14:28:58,220 - __main__ - INFO - sheet_name: 篠崎
2024-03-14 14:28:58,220 - __main__ - INFO - n_sheet: <Worksheet "篠崎良三">
2024-03-14 14:28:58,221 - __main__ - INFO - sheet_name: 出口
2024-03-14 14:28:58,221 - __main__ - INFO - n_sheet: <Worksheet "出口裕文">
2024-03-14 14:28:58,222 - __main__ - INFO - sheet_name: 増木
2024-03-14 14:28:58,223 - __main__ - INFO - n_sheet: <Worksheet "増木照明">
2024-03-14 14:28:58,223 - __main__ - INFO - sheet_name: 森本
2024-03-14 14:28:58,224 - __main__ - INFO - n_sheet: <Worksheet "森本一弘">
2024-03-14 14:28:58,226 - __main__ - INFO - sheet_name: 若宮
2024-03-14 14:28:58,226 - __main__ - INFO - n_sheet: <Worksheet "若宮保典">
2024-03-14 14:28:58,226 - __main__ - INFO - sheet_name: 竹内
2024-03-14 14:28:58,227 - __main__ - INFO - n_sheet: <Worksheet "竹内　朗">
2024-03-14 14:53:14,927 - __main__ - INFO - monthSelect: 2024-02
2024-03-14 14:53:37,584 - __main__ - INFO - sheet_name: 篠崎
2024-03-14 14:53:37,585 - __main__ - INFO - n_sheet: <Worksheet "篠崎良三">
2024-03-14 14:53:37,585 - __main__ - INFO - sheet_name: 出口
2024-03-14 14:53:37,585 - __main__ - INFO - n_sheet: <Worksheet "出口裕文">
2024-03-14 14:53:37,585 - __main__ - INFO - sheet_name: 増木
2024-03-14 14:53:37,585 - __main__ - INFO - n_sheet: <Worksheet "増木照明">
2024-03-14 14:53:37,588 - __main__ - INFO - sheet_name: 森本
2024-03-14 14:53:37,588 - __main__ - INFO - n_sheet: <Worksheet "森本一弘">
2024-03-14 14:53:37,588 - __main__ - INFO - sheet_name: 若宮
2024-03-14 14:53:37,588 - __main__ - INFO - n_sheet: <Worksheet "若宮保典">
2024-03-14 14:53:37,588 - __main__ - INFO - sheet_name: 竹内
2024-03-14 14:53:37,588 - __main__ - INFO - n_sheet: <Worksheet "竹内　朗">
2024-03-15 19:45:08,919 - __main__ - INFO - monthSelect: 2024-02
2024-03-15 19:45:26,878 - __main__ - INFO - sheet_name: 篠崎
2024-03-15 19:45:26,878 - __main__ - INFO - n_sheet: <Worksheet "篠崎良三">
2024-03-15 19:45:26,878 - __main__ - INFO - sheet_name: 出口
2024-03-15 19:45:26,878 - __main__ - INFO - n_sheet: <Worksheet "出口裕文">
2024-03-15 19:45:26,878 - __main__ - INFO - sheet_name: 増木
2024-03-15 19:45:26,878 - __main__ - INFO - n_sheet: <Worksheet "増木照明">
2024-03-15 19:45:26,878 - __main__ - INFO - sheet_name: 森本
2024-03-15 19:45:26,878 - __main__ - INFO - n_sheet: <Worksheet "森本一弘">
2024-03-15 19:45:26,878 - __main__ - INFO - sheet_name: 若宮
2024-03-15 19:45:26,878 - __main__ - INFO - n_sheet: <Worksheet "若宮保典">
2024-03-15 19:45:26,878 - __main__ - INFO - sheet_name: 竹内
2024-03-15 19:45:26,878 - __main__ - INFO - n_sheet: <Worksheet "竹内　朗">
2024-03-15 19:53:01,060 - __main__ - INFO - monthSelect: 2024-02
2024-03-15 19:53:20,023 - __main__ - INFO - sheet_name: 篠崎
2024-03-15 19:53:20,023 - __main__ - INFO - n_sheet: <Worksheet "篠崎良三">
2024-03-15 19:53:20,023 - __main__ - INFO - sheet_name: 出口
2024-03-15 19:53:20,023 - __main__ - INFO - n_sheet: <Worksheet "出口裕文">
2024-03-15 19:53:20,030 - __main__ - INFO - sheet_name: 増木
2024-03-15 19:53:20,030 - __main__ - INFO - n_sheet: <Worksheet "増木照明">
2024-03-15 19:53:20,030 - __main__ - INFO - sheet_name: 森本
2024-03-15 19:53:20,030 - __main__ - INFO - n_sheet: <Worksheet "森本一弘">
2024-03-15 19:53:20,030 - __main__ - INFO - sheet_name: 若宮
2024-03-15 19:53:20,030 - __main__ - INFO - n_sheet: <Worksheet "若宮保典">
2024-03-15 19:53:20,030 - __main__ - INFO - sheet_name: 竹内
